TN:
SF:app.js
FN:19,(anonymous_0)
FN:31,(anonymous_1)
FN:40,(anonymous_2)
FN:57,(anonymous_3)
FN:63,(anonymous_4)
FN:81,(anonymous_5)
FN:90,(anonymous_6)
FN:108,(anonymous_7)
FN:128,(anonymous_8)
FN:145,(anonymous_9)
FN:154,(anonymous_10)
FNF:11
FNH:5
FNDA:2,(anonymous_0)
FNDA:1,(anonymous_1)
FNDA:1,(anonymous_2)
FNDA:1,(anonymous_3)
FNDA:1,(anonymous_4)
FNDA:0,(anonymous_5)
FNDA:0,(anonymous_6)
FNDA:0,(anonymous_7)
FNDA:0,(anonymous_8)
FNDA:0,(anonymous_9)
FNDA:0,(anonymous_10)
DA:1,1
DA:2,1
DA:3,1
DA:4,1
DA:5,1
DA:6,1
DA:7,1
DA:10,1
DA:11,1
DA:16,1
DA:19,1
DA:21,2
DA:27,2
DA:31,1
DA:34,1
DA:37,1
DA:40,1
DA:43,1
DA:46,1
DA:49,1
DA:50,1
DA:57,1
DA:60,1
DA:63,1
DA:66,1
DA:69,1
DA:72,1
DA:73,1
DA:81,1
DA:84,0
DA:87,0
DA:90,0
DA:93,0
DA:96,0
DA:99,0
DA:100,0
DA:108,1
DA:111,0
DA:114,0
DA:118,0
DA:128,0
DA:131,0
DA:134,0
DA:137,0
DA:138,0
DA:145,1
DA:148,0
DA:151,0
DA:154,0
DA:157,0
DA:160,0
DA:163,0
DA:169,1
LF:53
LH:32
BRDA:43,0,0,0
BRDA:43,0,1,1
BRDA:66,1,0,0
BRDA:66,1,1,1
BRDA:93,2,0,0
BRDA:93,2,1,0
BRDA:131,3,0,0
BRDA:131,3,1,0
BRDA:157,4,0,0
BRDA:157,4,1,0
BRF:10
BRH:2
end_of_record
